2019-09-25 13:16:16,191 ERROR: Exception on /user/caitlin [GET] [in c:\users\caitlin\dropbox\python_201909\microblog\venv\lib\site-packages\flask\app.py:1891]
Traceback (most recent call last):
  File "c:\users\caitlin\dropbox\python_201909\microblog\venv\lib\site-packages\flask\app.py", line 2446, in wsgi_app
    response = self.full_dispatch_request()
  File "c:\users\caitlin\dropbox\python_201909\microblog\venv\lib\site-packages\flask\app.py", line 1951, in full_dispatch_request
    rv = self.handle_user_exception(e)
  File "c:\users\caitlin\dropbox\python_201909\microblog\venv\lib\site-packages\flask\app.py", line 1820, in handle_user_exception
    reraise(exc_type, exc_value, tb)
  File "c:\users\caitlin\dropbox\python_201909\microblog\venv\lib\site-packages\flask\_compat.py", line 39, in reraise
    raise value
  File "c:\users\caitlin\dropbox\python_201909\microblog\venv\lib\site-packages\flask\app.py", line 1949, in full_dispatch_request
    rv = self.dispatch_request()
  File "c:\users\caitlin\dropbox\python_201909\microblog\venv\lib\site-packages\flask\app.py", line 1935, in dispatch_request
    return self.view_functions[rule.endpoint](**req.view_args)
  File "c:\users\caitlin\dropbox\python_201909\microblog\venv\lib\site-packages\flask_login\utils.py", line 261, in decorated_view
    return func(*args, **kwargs)
  File "C:\Users\Caitlin\Dropbox\python_201909\microblog\app\main\routes.py", line 56, in user
    next_url=next_url, prev_url=prev_url)
  File "c:\users\caitlin\dropbox\python_201909\microblog\venv\lib\site-packages\flask\templating.py", line 140, in render_template
    ctx.app,
  File "c:\users\caitlin\dropbox\python_201909\microblog\venv\lib\site-packages\flask\templating.py", line 120, in _render
    rv = template.render(context)
  File "c:\users\caitlin\dropbox\python_201909\microblog\venv\lib\site-packages\jinja2\asyncsupport.py", line 76, in render
    return original_render(self, *args, **kwargs)
  File "c:\users\caitlin\dropbox\python_201909\microblog\venv\lib\site-packages\jinja2\environment.py", line 1008, in render
    return self.environment.handle_exception(exc_info, True)
  File "c:\users\caitlin\dropbox\python_201909\microblog\venv\lib\site-packages\jinja2\environment.py", line 780, in handle_exception
    reraise(exc_type, exc_value, tb)
  File "c:\users\caitlin\dropbox\python_201909\microblog\venv\lib\site-packages\jinja2\_compat.py", line 37, in reraise
    raise value.with_traceback(tb)
  File "C:\Users\Caitlin\Dropbox\python_201909\microblog\app\templates\user.html", line 1, in top-level template code
    {% extends "base.html" %}
  File "C:\Users\Caitlin\Dropbox\python_201909\microblog\app\templates\base.html", line 44, in top-level template code
    {% block content %}
  File "C:\Users\Caitlin\Dropbox\python_201909\microblog\app\templates\user.html", line 23, in block "content"
    <a href="{{ url_for('main.edit_profile') }}">
  File "c:\users\caitlin\dropbox\python_201909\microblog\venv\lib\site-packages\flask\helpers.py", line 370, in url_for
    return appctx.app.handle_url_build_error(error, endpoint, values)
  File "c:\users\caitlin\dropbox\python_201909\microblog\venv\lib\site-packages\flask\app.py", line 2215, in handle_url_build_error
    reraise(exc_type, exc_value, tb)
  File "c:\users\caitlin\dropbox\python_201909\microblog\venv\lib\site-packages\flask\_compat.py", line 39, in reraise
    raise value
  File "c:\users\caitlin\dropbox\python_201909\microblog\venv\lib\site-packages\flask\helpers.py", line 358, in url_for
    endpoint, values, method=method, force_external=external
  File "c:\users\caitlin\dropbox\python_201909\microblog\venv\lib\site-packages\werkzeug\routing.py", line 2020, in build
    raise BuildError(endpoint, values, method, self)
werkzeug.routing.BuildError: Could not build url for endpoint 'edit_profile'. Did you mean 'main.edit_profile' instead?
2019-09-25 13:16:25,633 INFO: PyCurious startup [in C:\Users\Caitlin\Dropbox\python_201909\microblog\app\__init__.py:68]
2019-09-25 13:16:33,017 ERROR: Exception on /explore [GET] [in c:\users\caitlin\dropbox\python_201909\microblog\venv\lib\site-packages\flask\app.py:1891]
Traceback (most recent call last):
  File "c:\users\caitlin\dropbox\python_201909\microblog\venv\lib\site-packages\flask\app.py", line 2446, in wsgi_app
    response = self.full_dispatch_request()
  File "c:\users\caitlin\dropbox\python_201909\microblog\venv\lib\site-packages\flask\app.py", line 1951, in full_dispatch_request
    rv = self.handle_user_exception(e)
  File "c:\users\caitlin\dropbox\python_201909\microblog\venv\lib\site-packages\flask\app.py", line 1820, in handle_user_exception
    reraise(exc_type, exc_value, tb)
  File "c:\users\caitlin\dropbox\python_201909\microblog\venv\lib\site-packages\flask\_compat.py", line 39, in reraise
    raise value
  File "c:\users\caitlin\dropbox\python_201909\microblog\venv\lib\site-packages\flask\app.py", line 1949, in full_dispatch_request
    rv = self.dispatch_request()
  File "c:\users\caitlin\dropbox\python_201909\microblog\venv\lib\site-packages\flask\app.py", line 1935, in dispatch_request
    return self.view_functions[rule.endpoint](**req.view_args)
  File "c:\users\caitlin\dropbox\python_201909\microblog\venv\lib\site-packages\flask_login\utils.py", line 261, in decorated_view
    return func(*args, **kwargs)
  File "C:\Users\Caitlin\Dropbox\python_201909\microblog\app\main\routes.py", line 111, in explore
    if comments.has_next else None
AttributeError: 'list' object has no attribute 'has_next'
2019-09-25 13:20:49,655 INFO: PyCurious startup [in C:\Users\Caitlin\Dropbox\python_201909\microblog\app\__init__.py:68]
2019-10-03 14:16:30,579 INFO: PyCurious startup [in /Users/caitlinsnyder/Dropbox/python_201909/pycurious/app/__init__.py:68]
2019-10-03 14:33:38,668 INFO: PyCurious startup [in /Users/caitlinsnyder/Dropbox/python_201909/pycurious/app/__init__.py:68]
2019-10-03 14:34:47,949 INFO: PyCurious startup [in /Users/caitlinsnyder/Dropbox/python_201909/pycurious/app/__init__.py:68]
2019-10-03 14:34:53,098 ERROR: Exception on /profile [GET] [in /Users/caitlinsnyder/Dropbox/python_201909/pycurious/venv/lib/python3.7/site-packages/flask/app.py:1891]
Traceback (most recent call last):
  File "/Users/caitlinsnyder/Dropbox/python_201909/pycurious/venv/lib/python3.7/site-packages/flask/app.py", line 2446, in wsgi_app
    response = self.full_dispatch_request()
  File "/Users/caitlinsnyder/Dropbox/python_201909/pycurious/venv/lib/python3.7/site-packages/flask/app.py", line 1951, in full_dispatch_request
    rv = self.handle_user_exception(e)
  File "/Users/caitlinsnyder/Dropbox/python_201909/pycurious/venv/lib/python3.7/site-packages/flask/app.py", line 1820, in handle_user_exception
    reraise(exc_type, exc_value, tb)
  File "/Users/caitlinsnyder/Dropbox/python_201909/pycurious/venv/lib/python3.7/site-packages/flask/_compat.py", line 39, in reraise
    raise value
  File "/Users/caitlinsnyder/Dropbox/python_201909/pycurious/venv/lib/python3.7/site-packages/flask/app.py", line 1949, in full_dispatch_request
    rv = self.dispatch_request()
  File "/Users/caitlinsnyder/Dropbox/python_201909/pycurious/venv/lib/python3.7/site-packages/flask/app.py", line 1935, in dispatch_request
    return self.view_functions[rule.endpoint](**req.view_args)
  File "/Users/caitlinsnyder/Dropbox/python_201909/pycurious/app/main/routes.py", line 46, in profile
    user = User.query.filter_by(username=username).first_or_404()
NameError: name 'username' is not defined
2019-10-03 14:35:49,122 INFO: PyCurious startup [in /Users/caitlinsnyder/Dropbox/python_201909/pycurious/app/__init__.py:68]
2019-10-03 15:11:50,928 INFO: PyCurious startup [in /Users/caitlinsnyder/Dropbox/python_201909/pycurious/app/__init__.py:68]
2019-10-03 15:13:11,832 INFO: PyCurious startup [in /Users/caitlinsnyder/Dropbox/python_201909/pycurious/app/__init__.py:68]
2019-10-03 15:15:17,554 INFO: PyCurious startup [in /Users/caitlinsnyder/Dropbox/python_201909/pycurious/app/__init__.py:68]
2019-10-03 15:15:33,364 INFO: PyCurious startup [in /Users/caitlinsnyder/Dropbox/python_201909/pycurious/app/__init__.py:68]
2019-10-03 15:17:37,000 INFO: PyCurious startup [in /Users/caitlinsnyder/Dropbox/python_201909/pycurious/app/__init__.py:68]
2019-10-03 15:18:53,631 INFO: PyCurious startup [in /Users/caitlinsnyder/Dropbox/python_201909/pycurious/app/__init__.py:68]
2019-10-03 15:22:27,822 INFO: PyCurious startup [in /Users/caitlinsnyder/Dropbox/python_201909/pycurious/app/__init__.py:68]
2019-10-03 15:23:26,623 INFO: PyCurious startup [in /Users/caitlinsnyder/Dropbox/python_201909/pycurious/app/__init__.py:68]
2019-10-03 15:25:22,185 INFO: PyCurious startup [in /Users/caitlinsnyder/Dropbox/python_201909/pycurious/app/__init__.py:68]
2019-10-03 15:30:49,598 INFO: PyCurious startup [in /Users/caitlinsnyder/Dropbox/python_201909/pycurious/app/__init__.py:68]
2019-10-03 16:11:38,675 INFO: PyCurious startup [in /Users/caitlinsnyder/Dropbox/python_201909/pycurious/app/__init__.py:68]
2019-10-03 16:13:20,997 INFO: PyCurious startup [in /Users/caitlinsnyder/Dropbox/python_201909/pycurious/app/__init__.py:68]
2019-10-03 16:14:25,145 INFO: PyCurious startup [in /Users/caitlinsnyder/Dropbox/python_201909/pycurious/app/__init__.py:68]
2019-10-03 16:20:49,467 INFO: PyCurious startup [in /Users/caitlinsnyder/Dropbox/python_201909/pycurious/app/__init__.py:68]
2019-10-03 16:26:14,764 INFO: PyCurious startup [in /Users/caitlinsnyder/Dropbox/python_201909/pycurious/app/__init__.py:68]
2019-10-03 16:27:14,839 INFO: PyCurious startup [in /Users/caitlinsnyder/Dropbox/python_201909/pycurious/app/__init__.py:68]
2019-10-03 16:30:58,343 INFO: PyCurious startup [in /Users/caitlinsnyder/Dropbox/python_201909/pycurious/app/__init__.py:68]
2019-10-03 16:31:24,741 INFO: PyCurious startup [in /Users/caitlinsnyder/Dropbox/python_201909/pycurious/app/__init__.py:68]
2019-10-03 16:31:36,240 INFO: PyCurious startup [in /Users/caitlinsnyder/Dropbox/python_201909/pycurious/app/__init__.py:68]
2019-10-03 16:31:58,880 INFO: PyCurious startup [in /Users/caitlinsnyder/Dropbox/python_201909/pycurious/app/__init__.py:68]
