2019-10-06 13:39:53,329 ERROR: Exception on /favicon.ico [GET] [in /Users/caitlinsnyder/Dropbox/python_201909/pycurious/venv/lib/python3.7/site-packages/flask/app.py:1891]
Traceback (most recent call last):
  File "/Users/caitlinsnyder/Dropbox/python_201909/pycurious/venv/lib/python3.7/site-packages/flask/app.py", line 1949, in full_dispatch_request
    rv = self.dispatch_request()
  File "/Users/caitlinsnyder/Dropbox/python_201909/pycurious/venv/lib/python3.7/site-packages/flask/app.py", line 1925, in dispatch_request
    self.raise_routing_exception(req)
  File "/Users/caitlinsnyder/Dropbox/python_201909/pycurious/venv/lib/python3.7/site-packages/flask/app.py", line 1907, in raise_routing_exception
    raise request.routing_exception
  File "/Users/caitlinsnyder/Dropbox/python_201909/pycurious/venv/lib/python3.7/site-packages/flask/ctx.py", line 350, in match_request
    result = self.url_adapter.match(return_rule=True)
  File "/Users/caitlinsnyder/Dropbox/python_201909/pycurious/venv/lib/python3.7/site-packages/werkzeug/routing.py", line 1799, in match
    raise NotFound()
werkzeug.exceptions.NotFound: 404 Not Found: The requested URL was not found on the server. If you entered the URL manually please check your spelling and try again.

During handling of the above exception, another exception occurred:

Traceback (most recent call last):
  File "/Users/caitlinsnyder/Dropbox/python_201909/pycurious/venv/lib/python3.7/site-packages/flask/app.py", line 2446, in wsgi_app
    response = self.full_dispatch_request()
  File "/Users/caitlinsnyder/Dropbox/python_201909/pycurious/venv/lib/python3.7/site-packages/flask/app.py", line 1951, in full_dispatch_request
    rv = self.handle_user_exception(e)
  File "/Users/caitlinsnyder/Dropbox/python_201909/pycurious/venv/lib/python3.7/site-packages/flask/app.py", line 1815, in handle_user_exception
    return self.handle_http_exception(e)
  File "/Users/caitlinsnyder/Dropbox/python_201909/pycurious/venv/lib/python3.7/site-packages/flask/app.py", line 1743, in handle_http_exception
    return handler(e)
  File "/Users/caitlinsnyder/Dropbox/python_201909/pycurious/app/errors/handlers.py", line 7, in not_found_error
    return render_template('errors/404.html'), 404
  File "/Users/caitlinsnyder/Dropbox/python_201909/pycurious/venv/lib/python3.7/site-packages/flask/templating.py", line 140, in render_template
    ctx.app,
  File "/Users/caitlinsnyder/Dropbox/python_201909/pycurious/venv/lib/python3.7/site-packages/flask/templating.py", line 120, in _render
    rv = template.render(context)
  File "/Users/caitlinsnyder/Dropbox/python_201909/pycurious/venv/lib/python3.7/site-packages/jinja2/asyncsupport.py", line 76, in render
    return original_render(self, *args, **kwargs)
  File "/Users/caitlinsnyder/Dropbox/python_201909/pycurious/venv/lib/python3.7/site-packages/jinja2/environment.py", line 1008, in render
    return self.environment.handle_exception(exc_info, True)
  File "/Users/caitlinsnyder/Dropbox/python_201909/pycurious/venv/lib/python3.7/site-packages/jinja2/environment.py", line 780, in handle_exception
    reraise(exc_type, exc_value, tb)
  File "/Users/caitlinsnyder/Dropbox/python_201909/pycurious/venv/lib/python3.7/site-packages/jinja2/_compat.py", line 37, in reraise
    raise value.with_traceback(tb)
  File "/Users/caitlinsnyder/Dropbox/python_201909/pycurious/app/templates/base.html", line 21, in template
    {% endif %}
  File "/Users/caitlinsnyder/Dropbox/python_201909/pycurious/venv/lib/python3.7/site-packages/jinja2/environment.py", line 1005, in render
    return concat(self.root_render_func(self.new_context(vars)))
  File "/Users/caitlinsnyder/Dropbox/python_201909/pycurious/app/templates/errors/404.html", line 1, in top-level template code
    {% extends "base.html" %}
  File "/Users/caitlinsnyder/Dropbox/python_201909/pycurious/venv/lib/python3.7/site-packages/jinja2/environment.py", line 780, in handle_exception
    reraise(exc_type, exc_value, tb)
  File "/Users/caitlinsnyder/Dropbox/python_201909/pycurious/venv/lib/python3.7/site-packages/jinja2/_compat.py", line 37, in reraise
    raise value.with_traceback(tb)
  File "/Users/caitlinsnyder/Dropbox/python_201909/pycurious/app/templates/base.html", line 21, in template
    {% endif %}
  File "/Users/caitlinsnyder/Dropbox/python_201909/pycurious/venv/lib/python3.7/site-packages/jinja2/environment.py", line 497, in _parse
    return Parser(self, source, name, encode_filename(filename)).parse()
  File "/Users/caitlinsnyder/Dropbox/python_201909/pycurious/venv/lib/python3.7/site-packages/jinja2/parser.py", line 901, in parse
    result = nodes.Template(self.subparse(), lineno=1)
  File "/Users/caitlinsnyder/Dropbox/python_201909/pycurious/venv/lib/python3.7/site-packages/jinja2/parser.py", line 883, in subparse
    rv = self.parse_statement()
  File "/Users/caitlinsnyder/Dropbox/python_201909/pycurious/venv/lib/python3.7/site-packages/jinja2/parser.py", line 144, in parse_statement
    self.fail_unknown_tag(token.value, token.lineno)
  File "/Users/caitlinsnyder/Dropbox/python_201909/pycurious/venv/lib/python3.7/site-packages/jinja2/parser.py", line 97, in fail_unknown_tag
    return self._fail_ut_eof(name, self._end_token_stack, lineno)
  File "/Users/caitlinsnyder/Dropbox/python_201909/pycurious/venv/lib/python3.7/site-packages/jinja2/parser.py", line 90, in _fail_ut_eof
    self.fail(' '.join(message), lineno)
  File "/Users/caitlinsnyder/Dropbox/python_201909/pycurious/venv/lib/python3.7/site-packages/jinja2/parser.py", line 59, in fail
    raise exc(msg, lineno, self.name, self.filename)
jinja2.exceptions.TemplateSyntaxError: Encountered unknown tag 'endif'.
2019-10-06 13:44:54,831 INFO: PyCurious startup [in /Users/caitlinsnyder/Dropbox/python_201909/pycurious/app/__init__.py:71]
2019-10-06 13:50:36,286 INFO: PyCurious startup [in /Users/caitlinsnyder/Dropbox/python_201909/pycurious/app/__init__.py:71]
2019-10-06 13:50:38,291 ERROR: Exception on /resume [GET] [in /Users/caitlinsnyder/Dropbox/python_201909/pycurious/venv/lib/python3.7/site-packages/flask/app.py:1891]
Traceback (most recent call last):
  File "/Users/caitlinsnyder/Dropbox/python_201909/pycurious/venv/lib/python3.7/site-packages/flask/app.py", line 2446, in wsgi_app
    response = self.full_dispatch_request()
  File "/Users/caitlinsnyder/Dropbox/python_201909/pycurious/venv/lib/python3.7/site-packages/flask/app.py", line 1951, in full_dispatch_request
    rv = self.handle_user_exception(e)
  File "/Users/caitlinsnyder/Dropbox/python_201909/pycurious/venv/lib/python3.7/site-packages/flask/app.py", line 1820, in handle_user_exception
    reraise(exc_type, exc_value, tb)
  File "/Users/caitlinsnyder/Dropbox/python_201909/pycurious/venv/lib/python3.7/site-packages/flask/_compat.py", line 39, in reraise
    raise value
  File "/Users/caitlinsnyder/Dropbox/python_201909/pycurious/venv/lib/python3.7/site-packages/flask/app.py", line 1949, in full_dispatch_request
    rv = self.dispatch_request()
  File "/Users/caitlinsnyder/Dropbox/python_201909/pycurious/venv/lib/python3.7/site-packages/flask/app.py", line 1935, in dispatch_request
    return self.view_functions[rule.endpoint](**req.view_args)
  File "/Users/caitlinsnyder/Dropbox/python_201909/pycurious/app/main/routes.py", line 45, in resume
    return render_template('resume.html', user=user)
NameError: name 'user' is not defined
